CRITICAL - 2023-03-31 01:06:44 --> Array to string conversion
in APPPATH\Controllers\ContactoController.php on line 16.
 1 APPPATH\Controllers\ContactoController.php(16): CodeIgniter\Debug\Exceptions->errorHandler(2, 'Array to string conversion', 'C:\\wamp64\\www\\ci\\app\\Controllers\\ContactoController.php', 16)
 2 SYSTEMPATH\CodeIgniter.php(934): App\Controllers\ContactoController->index()
 3 SYSTEMPATH\CodeIgniter.php(499): CodeIgniter\CodeIgniter->runController(Object(App\Controllers\ContactoController))
 4 SYSTEMPATH\CodeIgniter.php(368): CodeIgniter\CodeIgniter->handleRequest(null, Object(Config\Cache), false)
 5 FCPATH\index.php(67): CodeIgniter\CodeIgniter->run()
CRITICAL - 2023-03-31 01:13:58 --> Undefined variable $menu
in APPPATH\Views\contacto\menu.php on line 2.
 1 APPPATH\Views\contacto\menu.php(2): CodeIgniter\Debug\Exceptions->errorHandler(2, 'Undefined variable $menu', 'C:\\wamp64\\www\\ci\\app\\Views\\contacto\\menu.php', 2)
 2 SYSTEMPATH\View\View.php(213): include('C:\\wamp64\\www\\ci\\app\\Views\\contacto\\menu.php')
 3 SYSTEMPATH\View\View.php(216): CodeIgniter\View\View->CodeIgniter\View\{closure}()
 4 SYSTEMPATH\Common.php(1184): CodeIgniter\View\View->render('contacto/menu', [], true)
 5 APPPATH\Controllers\ContactoController.php(13): view('contacto/menu', [...])
 6 SYSTEMPATH\CodeIgniter.php(934): App\Controllers\ContactoController->index()
 7 SYSTEMPATH\CodeIgniter.php(499): CodeIgniter\CodeIgniter->runController(Object(App\Controllers\ContactoController))
 8 SYSTEMPATH\CodeIgniter.php(368): CodeIgniter\CodeIgniter->handleRequest(null, Object(Config\Cache), false)
 9 FCPATH\index.php(67): CodeIgniter\CodeIgniter->run()
CRITICAL - 2023-03-31 01:14:45 --> Undefined variable $datos
in APPPATH\Views\contacto\menu.php on line 2.
 1 APPPATH\Views\contacto\menu.php(2): CodeIgniter\Debug\Exceptions->errorHandler(2, 'Undefined variable $datos', 'C:\\wamp64\\www\\ci\\app\\Views\\contacto\\menu.php', 2)
 2 SYSTEMPATH\View\View.php(213): include('C:\\wamp64\\www\\ci\\app\\Views\\contacto\\menu.php')
 3 SYSTEMPATH\View\View.php(216): CodeIgniter\View\View->CodeIgniter\View\{closure}()
 4 SYSTEMPATH\Common.php(1184): CodeIgniter\View\View->render('contacto/menu', [], true)
 5 APPPATH\Controllers\ContactoController.php(13): view('contacto/menu', [...])
 6 SYSTEMPATH\CodeIgniter.php(934): App\Controllers\ContactoController->index()
 7 SYSTEMPATH\CodeIgniter.php(499): CodeIgniter\CodeIgniter->runController(Object(App\Controllers\ContactoController))
 8 SYSTEMPATH\CodeIgniter.php(368): CodeIgniter\CodeIgniter->handleRequest(null, Object(Config\Cache), false)
 9 FCPATH\index.php(67): CodeIgniter\CodeIgniter->run()
CRITICAL - 2023-03-31 01:32:32 --> Undefined variable $carlos
in APPPATH\Views\contacto\header.php on line 11.
 1 APPPATH\Views\contacto\header.php(11): CodeIgniter\Debug\Exceptions->errorHandler(2, 'Undefined variable $carlos', 'C:\\wamp64\\www\\ci\\app\\Views\\contacto\\header.php', 11)
 2 SYSTEMPATH\View\View.php(213): include('C:\\wamp64\\www\\ci\\app\\Views\\contacto\\header.php')
 3 SYSTEMPATH\View\View.php(216): CodeIgniter\View\View->CodeIgniter\View\{closure}()
 4 SYSTEMPATH\Common.php(1184): CodeIgniter\View\View->render('contacto/header', [], true)
 5 APPPATH\Controllers\ContactoController.php(12): view('contacto/header', [...])
 6 SYSTEMPATH\CodeIgniter.php(934): App\Controllers\ContactoController->index()
 7 SYSTEMPATH\CodeIgniter.php(499): CodeIgniter\CodeIgniter->runController(Object(App\Controllers\ContactoController))
 8 SYSTEMPATH\CodeIgniter.php(368): CodeIgniter\CodeIgniter->handleRequest(null, Object(Config\Cache), false)
 9 FCPATH\index.php(67): CodeIgniter\CodeIgniter->run()
CRITICAL - 2023-03-31 01:32:40 --> Undefined variable $carlos
in APPPATH\Views\contacto\header.php on line 11.
 1 APPPATH\Views\contacto\header.php(11): CodeIgniter\Debug\Exceptions->errorHandler(2, 'Undefined variable $carlos', 'C:\\wamp64\\www\\ci\\app\\Views\\contacto\\header.php', 11)
 2 SYSTEMPATH\View\View.php(213): include('C:\\wamp64\\www\\ci\\app\\Views\\contacto\\header.php')
 3 SYSTEMPATH\View\View.php(216): CodeIgniter\View\View->CodeIgniter\View\{closure}()
 4 SYSTEMPATH\Common.php(1184): CodeIgniter\View\View->render('contacto/header', [], true)
 5 APPPATH\Controllers\ContactoController.php(12): view('contacto/header', [...])
 6 SYSTEMPATH\CodeIgniter.php(934): App\Controllers\ContactoController->index()
 7 SYSTEMPATH\CodeIgniter.php(499): CodeIgniter\CodeIgniter->runController(Object(App\Controllers\ContactoController))
 8 SYSTEMPATH\CodeIgniter.php(368): CodeIgniter\CodeIgniter->handleRequest(null, Object(Config\Cache), false)
 9 FCPATH\index.php(67): CodeIgniter\CodeIgniter->run()
CRITICAL - 2023-03-31 01:32:41 --> Undefined variable $carlos
in APPPATH\Views\contacto\header.php on line 11.
 1 APPPATH\Views\contacto\header.php(11): CodeIgniter\Debug\Exceptions->errorHandler(2, 'Undefined variable $carlos', 'C:\\wamp64\\www\\ci\\app\\Views\\contacto\\header.php', 11)
 2 SYSTEMPATH\View\View.php(213): include('C:\\wamp64\\www\\ci\\app\\Views\\contacto\\header.php')
 3 SYSTEMPATH\View\View.php(216): CodeIgniter\View\View->CodeIgniter\View\{closure}()
 4 SYSTEMPATH\Common.php(1184): CodeIgniter\View\View->render('contacto/header', [], true)
 5 APPPATH\Controllers\ContactoController.php(12): view('contacto/header', [...])
 6 SYSTEMPATH\CodeIgniter.php(934): App\Controllers\ContactoController->index()
 7 SYSTEMPATH\CodeIgniter.php(499): CodeIgniter\CodeIgniter->runController(Object(App\Controllers\ContactoController))
 8 SYSTEMPATH\CodeIgniter.php(368): CodeIgniter\CodeIgniter->handleRequest(null, Object(Config\Cache), false)
 9 FCPATH\index.php(67): CodeIgniter\CodeIgniter->run()
CRITICAL - 2023-03-31 01:32:47 --> Undefined variable $carlos
in APPPATH\Views\contacto\header.php on line 11.
 1 APPPATH\Views\contacto\header.php(11): CodeIgniter\Debug\Exceptions->errorHandler(2, 'Undefined variable $carlos', 'C:\\wamp64\\www\\ci\\app\\Views\\contacto\\header.php', 11)
 2 SYSTEMPATH\View\View.php(213): include('C:\\wamp64\\www\\ci\\app\\Views\\contacto\\header.php')
 3 SYSTEMPATH\View\View.php(216): CodeIgniter\View\View->CodeIgniter\View\{closure}()
 4 SYSTEMPATH\Common.php(1184): CodeIgniter\View\View->render('contacto/header', [], true)
 5 APPPATH\Controllers\ContactoController.php(12): view('contacto/header', [...])
 6 SYSTEMPATH\CodeIgniter.php(934): App\Controllers\ContactoController->index()
 7 SYSTEMPATH\CodeIgniter.php(499): CodeIgniter\CodeIgniter->runController(Object(App\Controllers\ContactoController))
 8 SYSTEMPATH\CodeIgniter.php(368): CodeIgniter\CodeIgniter->handleRequest(null, Object(Config\Cache), false)
 9 FCPATH\index.php(67): CodeIgniter\CodeIgniter->run()
CRITICAL - 2023-03-31 01:39:21 --> Undefined variable $carlos
in APPPATH\Views\contacto\header.php on line 11.
 1 APPPATH\Views\contacto\header.php(11): CodeIgniter\Debug\Exceptions->errorHandler(2, 'Undefined variable $carlos', 'C:\\wamp64\\www\\ci\\app\\Views\\contacto\\header.php', 11)
 2 SYSTEMPATH\View\View.php(213): include('C:\\wamp64\\www\\ci\\app\\Views\\contacto\\header.php')
 3 SYSTEMPATH\View\View.php(216): CodeIgniter\View\View->CodeIgniter\View\{closure}()
 4 SYSTEMPATH\Common.php(1184): CodeIgniter\View\View->render('contacto/header', [], true)
 5 APPPATH\Controllers\ContactoController.php(12): view('contacto/header', [...])
 6 SYSTEMPATH\CodeIgniter.php(934): App\Controllers\ContactoController->index()
 7 SYSTEMPATH\CodeIgniter.php(499): CodeIgniter\CodeIgniter->runController(Object(App\Controllers\ContactoController))
 8 SYSTEMPATH\CodeIgniter.php(368): CodeIgniter\CodeIgniter->handleRequest(null, Object(Config\Cache), false)
 9 FCPATH\index.php(67): CodeIgniter\CodeIgniter->run()
CRITICAL - 2023-03-31 02:04:37 --> Invalid file: "contacto/indcatalogoex.php"
in SYSTEMPATH\Exceptions\FrameworkException.php on line 33.
 1 SYSTEMPATH\View\View.php(201): CodeIgniter\Exceptions\FrameworkException::forInvalidFile('contacto/indcatalogoex.php')
 2 SYSTEMPATH\Common.php(1184): CodeIgniter\View\View->render('contacto/indcatalogoex', [], true)
 3 APPPATH\Controllers\ContactoController.php(28): view('contacto/indcatalogoex')
 4 SYSTEMPATH\CodeIgniter.php(934): App\Controllers\ContactoController->catalogo()
 5 SYSTEMPATH\CodeIgniter.php(499): CodeIgniter\CodeIgniter->runController(Object(App\Controllers\ContactoController))
 6 SYSTEMPATH\CodeIgniter.php(368): CodeIgniter\CodeIgniter->handleRequest(null, Object(Config\Cache), false)
 7 FCPATH\index.php(67): CodeIgniter\CodeIgniter->run()
CRITICAL - 2023-03-31 02:05:20 --> Invalid file: "contacto/indcatalogoex.php"
in SYSTEMPATH\Exceptions\FrameworkException.php on line 33.
 1 SYSTEMPATH\View\View.php(201): CodeIgniter\Exceptions\FrameworkException::forInvalidFile('contacto/indcatalogoex.php')
 2 SYSTEMPATH\Common.php(1184): CodeIgniter\View\View->render('contacto/indcatalogoex', [], true)
 3 APPPATH\Controllers\ContactoController.php(27): view('contacto/indcatalogoex')
 4 SYSTEMPATH\CodeIgniter.php(934): App\Controllers\ContactoController->catalogo()
 5 SYSTEMPATH\CodeIgniter.php(499): CodeIgniter\CodeIgniter->runController(Object(App\Controllers\ContactoController))
 6 SYSTEMPATH\CodeIgniter.php(368): CodeIgniter\CodeIgniter->handleRequest(null, Object(Config\Cache), false)
 7 FCPATH\index.php(67): CodeIgniter\CodeIgniter->run()
CRITICAL - 2023-03-31 02:05:21 --> Invalid file: "contacto/indcatalogoex.php"
in SYSTEMPATH\Exceptions\FrameworkException.php on line 33.
 1 SYSTEMPATH\View\View.php(201): CodeIgniter\Exceptions\FrameworkException::forInvalidFile('contacto/indcatalogoex.php')
 2 SYSTEMPATH\Common.php(1184): CodeIgniter\View\View->render('contacto/indcatalogoex', [], true)
 3 APPPATH\Controllers\ContactoController.php(27): view('contacto/indcatalogoex')
 4 SYSTEMPATH\CodeIgniter.php(934): App\Controllers\ContactoController->catalogo()
 5 SYSTEMPATH\CodeIgniter.php(499): CodeIgniter\CodeIgniter->runController(Object(App\Controllers\ContactoController))
 6 SYSTEMPATH\CodeIgniter.php(368): CodeIgniter\CodeIgniter->handleRequest(null, Object(Config\Cache), false)
 7 FCPATH\index.php(67): CodeIgniter\CodeIgniter->run()
CRITICAL - 2023-03-31 03:35:06 --> syntax error, unexpected token "if"
in APPPATH\Config\Routes.php on line 52.
 1 SYSTEMPATH\CodeIgniter.php(802): CodeIgniter\Router\RouteCollection->loadRoutes()
 2 SYSTEMPATH\CodeIgniter.php(449): CodeIgniter\CodeIgniter->tryToRouteIt(null)
 3 SYSTEMPATH\CodeIgniter.php(368): CodeIgniter\CodeIgniter->handleRequest(null, Object(Config\Cache), false)
 4 FCPATH\index.php(67): CodeIgniter\CodeIgniter->run()
CRITICAL - 2023-03-31 03:40:08 --> Array callback has to contain indices 0 and 1
in APPPATH\Controllers\ContactoController.php on line 51.
 1 SYSTEMPATH\CodeIgniter.php(934): App\Controllers\ContactoController->enviarPost()
 2 SYSTEMPATH\CodeIgniter.php(499): CodeIgniter\CodeIgniter->runController(Object(App\Controllers\ContactoController))
 3 SYSTEMPATH\CodeIgniter.php(368): CodeIgniter\CodeIgniter->handleRequest(null, Object(Config\Cache), false)
 4 FCPATH\index.php(67): CodeIgniter\CodeIgniter->run()
CRITICAL - 2023-03-31 08:53:08 --> Undefined constant "this"
in APPPATH\Views\welcome_message.php on line 1.
 1 SYSTEMPATH\View\View.php(213): include()
 2 SYSTEMPATH\View\View.php(216): CodeIgniter\View\View->CodeIgniter\View\{closure}()
 3 SYSTEMPATH\Common.php(1184): CodeIgniter\View\View->render('welcome_message', [], true)
 4 APPPATH\Controllers\Home.php(9): view('welcome_message')
 5 SYSTEMPATH\CodeIgniter.php(934): App\Controllers\Home->index()
 6 SYSTEMPATH\CodeIgniter.php(499): CodeIgniter\CodeIgniter->runController(Object(App\Controllers\Home))
 7 SYSTEMPATH\CodeIgniter.php(368): CodeIgniter\CodeIgniter->handleRequest(null, Object(Config\Cache), false)
 8 FCPATH\index.php(67): CodeIgniter\CodeIgniter->run()
CRITICAL - 2023-03-31 08:53:55 --> Undefined constant "this"
in APPPATH\Views\welcome_message.php on line 1.
 1 SYSTEMPATH\View\View.php(213): include()
 2 SYSTEMPATH\View\View.php(216): CodeIgniter\View\View->CodeIgniter\View\{closure}()
 3 SYSTEMPATH\Common.php(1184): CodeIgniter\View\View->render('welcome_message', [], true)
 4 APPPATH\Controllers\Home.php(9): view('welcome_message')
 5 SYSTEMPATH\CodeIgniter.php(934): App\Controllers\Home->index()
 6 SYSTEMPATH\CodeIgniter.php(499): CodeIgniter\CodeIgniter->runController(Object(App\Controllers\Home))
 7 SYSTEMPATH\CodeIgniter.php(368): CodeIgniter\CodeIgniter->handleRequest(null, Object(Config\Cache), false)
 8 FCPATH\index.php(67): CodeIgniter\CodeIgniter->run()
CRITICAL - 2023-03-31 08:53:55 --> Undefined constant "this"
in APPPATH\Views\welcome_message.php on line 1.
 1 SYSTEMPATH\View\View.php(213): include()
 2 SYSTEMPATH\View\View.php(216): CodeIgniter\View\View->CodeIgniter\View\{closure}()
 3 SYSTEMPATH\Common.php(1184): CodeIgniter\View\View->render('welcome_message', [], true)
 4 APPPATH\Controllers\Home.php(9): view('welcome_message')
 5 SYSTEMPATH\CodeIgniter.php(934): App\Controllers\Home->index()
 6 SYSTEMPATH\CodeIgniter.php(499): CodeIgniter\CodeIgniter->runController(Object(App\Controllers\Home))
 7 SYSTEMPATH\CodeIgniter.php(368): CodeIgniter\CodeIgniter->handleRequest(null, Object(Config\Cache), false)
 8 FCPATH\index.php(67): CodeIgniter\CodeIgniter->run()
CRITICAL - 2023-03-31 08:54:08 --> Call to undefined method CodeIgniter\View\View::extends()
in APPPATH\Views\welcome_message.php on line 1.
 1 SYSTEMPATH\View\View.php(213): include()
 2 SYSTEMPATH\View\View.php(216): CodeIgniter\View\View->CodeIgniter\View\{closure}()
 3 SYSTEMPATH\Common.php(1184): CodeIgniter\View\View->render('welcome_message', [], true)
 4 APPPATH\Controllers\Home.php(9): view('welcome_message')
 5 SYSTEMPATH\CodeIgniter.php(934): App\Controllers\Home->index()
 6 SYSTEMPATH\CodeIgniter.php(499): CodeIgniter\CodeIgniter->runController(Object(App\Controllers\Home))
 7 SYSTEMPATH\CodeIgniter.php(368): CodeIgniter\CodeIgniter->handleRequest(null, Object(Config\Cache), false)
 8 FCPATH\index.php(67): CodeIgniter\CodeIgniter->run()
CRITICAL - 2023-03-31 08:55:29 --> Undefined constant "layouts"
in APPPATH\Views\welcome_message.php on line 1.
 1 SYSTEMPATH\View\View.php(213): include()
 2 SYSTEMPATH\View\View.php(216): CodeIgniter\View\View->CodeIgniter\View\{closure}()
 3 SYSTEMPATH\Common.php(1184): CodeIgniter\View\View->render('welcome_message', [], true)
 4 APPPATH\Controllers\Home.php(9): view('welcome_message')
 5 SYSTEMPATH\CodeIgniter.php(934): App\Controllers\Home->index()
 6 SYSTEMPATH\CodeIgniter.php(499): CodeIgniter\CodeIgniter->runController(Object(App\Controllers\Home))
 7 SYSTEMPATH\CodeIgniter.php(368): CodeIgniter\CodeIgniter->handleRequest(null, Object(Config\Cache), false)
 8 FCPATH\index.php(67): CodeIgniter\CodeIgniter->run()
CRITICAL - 2023-03-31 08:55:49 --> Undefined variable $titulo
in APPPATH\Views\layouts\header.php on line 4.
 1 APPPATH\Views\layouts\header.php(4): CodeIgniter\Debug\Exceptions->errorHandler(2, 'Undefined variable $titulo', 'C:\\wamp64\\www\\ci\\app\\Views\\layouts\\header.php', 4)
 2 SYSTEMPATH\View\View.php(213): include('C:\\wamp64\\www\\ci\\app\\Views\\layouts\\header.php')
 3 SYSTEMPATH\View\View.php(216): CodeIgniter\View\View->CodeIgniter\View\{closure}()
 4 SYSTEMPATH\View\View.php(431): CodeIgniter\View\View->render('layouts/header', null, true)
 5 APPPATH\Views\layouts\layouts.php(1): CodeIgniter\View\View->include('layouts/header')
 6 SYSTEMPATH\View\View.php(213): include('C:\\wamp64\\www\\ci\\app\\Views\\layouts\\layouts.php')
 7 SYSTEMPATH\View\View.php(216): CodeIgniter\View\View->CodeIgniter\View\{closure}()
 8 SYSTEMPATH\View\View.php(229): CodeIgniter\View\View->render('layouts/layouts', [], true)
 9 SYSTEMPATH\Common.php(1184): CodeIgniter\View\View->render('welcome_message', [], true)
10 APPPATH\Controllers\Home.php(9): view('welcome_message')
11 SYSTEMPATH\CodeIgniter.php(934): App\Controllers\Home->index()
12 SYSTEMPATH\CodeIgniter.php(499): CodeIgniter\CodeIgniter->runController(Object(App\Controllers\Home))
13 SYSTEMPATH\CodeIgniter.php(368): CodeIgniter\CodeIgniter->handleRequest(null, Object(Config\Cache), false)
14 FCPATH\index.php(67): CodeIgniter\CodeIgniter->run()
CRITICAL - 2023-03-31 08:56:12 --> Undefined constant "layouts"
in APPPATH\Views\layouts\header.php on line 123.
 1 SYSTEMPATH\View\View.php(213): include()
 2 SYSTEMPATH\View\View.php(216): CodeIgniter\View\View->CodeIgniter\View\{closure}()
 3 SYSTEMPATH\View\View.php(431): CodeIgniter\View\View->render('layouts/header', null, true)
 4 APPPATH\Views\layouts\layouts.php(1): CodeIgniter\View\View->include('layouts/header')
 5 SYSTEMPATH\View\View.php(213): include('C:\\wamp64\\www\\ci\\app\\Views\\layouts\\layouts.php')
 6 SYSTEMPATH\View\View.php(216): CodeIgniter\View\View->CodeIgniter\View\{closure}()
 7 SYSTEMPATH\View\View.php(229): CodeIgniter\View\View->render('layouts/layouts', [], true)
 8 SYSTEMPATH\Common.php(1184): CodeIgniter\View\View->render('welcome_message', [], true)
 9 APPPATH\Controllers\Home.php(9): view('welcome_message')
10 SYSTEMPATH\CodeIgniter.php(934): App\Controllers\Home->index()
11 SYSTEMPATH\CodeIgniter.php(499): CodeIgniter\CodeIgniter->runController(Object(App\Controllers\Home))
12 SYSTEMPATH\CodeIgniter.php(368): CodeIgniter\CodeIgniter->handleRequest(null, Object(Config\Cache), false)
13 FCPATH\index.php(67): CodeIgniter\CodeIgniter->run()
CRITICAL - 2023-03-31 08:56:56 --> Undefined variable $menu
in APPPATH\Views\layouts\menu.php on line 2.
 1 APPPATH\Views\layouts\menu.php(2): CodeIgniter\Debug\Exceptions->errorHandler(2, 'Undefined variable $menu', 'C:\\wamp64\\www\\ci\\app\\Views\\layouts\\menu.php', 2)
 2 SYSTEMPATH\View\View.php(213): include('C:\\wamp64\\www\\ci\\app\\Views\\layouts\\menu.php')
 3 SYSTEMPATH\View\View.php(216): CodeIgniter\View\View->CodeIgniter\View\{closure}()
 4 SYSTEMPATH\View\View.php(431): CodeIgniter\View\View->render('layouts/menu', null, true)
 5 APPPATH\Views\layouts\header.php(123): CodeIgniter\View\View->include('layouts/menu')
 6 SYSTEMPATH\View\View.php(213): include('C:\\wamp64\\www\\ci\\app\\Views\\layouts\\header.php')
 7 SYSTEMPATH\View\View.php(216): CodeIgniter\View\View->CodeIgniter\View\{closure}()
 8 SYSTEMPATH\View\View.php(431): CodeIgniter\View\View->render('layouts/header', null, true)
 9 APPPATH\Views\layouts\layouts.php(1): CodeIgniter\View\View->include('layouts/header')
10 SYSTEMPATH\View\View.php(213): include('C:\\wamp64\\www\\ci\\app\\Views\\layouts\\layouts.php')
11 SYSTEMPATH\View\View.php(216): CodeIgniter\View\View->CodeIgniter\View\{closure}()
12 SYSTEMPATH\View\View.php(229): CodeIgniter\View\View->render('layouts/layouts', [], true)
13 SYSTEMPATH\Common.php(1184): CodeIgniter\View\View->render('welcome_message', [], true)
14 APPPATH\Controllers\Home.php(9): view('welcome_message')
15 SYSTEMPATH\CodeIgniter.php(934): App\Controllers\Home->index()
16 SYSTEMPATH\CodeIgniter.php(499): CodeIgniter\CodeIgniter->runController(Object(App\Controllers\Home))
17 SYSTEMPATH\CodeIgniter.php(368): CodeIgniter\CodeIgniter->handleRequest(null, Object(Config\Cache), false)
18 FCPATH\index.php(67): CodeIgniter\CodeIgniter->run()
CRITICAL - 2023-03-31 08:57:43 --> Invalid file: "contacto/header.php"
in SYSTEMPATH\Exceptions\FrameworkException.php on line 33.
 1 SYSTEMPATH\View\View.php(201): CodeIgniter\Exceptions\FrameworkException::forInvalidFile('contacto/header.php')
 2 SYSTEMPATH\Common.php(1184): CodeIgniter\View\View->render('contacto/header', [], true)
 3 APPPATH\Controllers\ContactoController.php(13): view('contacto/header', [...])
 4 SYSTEMPATH\CodeIgniter.php(934): App\Controllers\ContactoController->index()
 5 SYSTEMPATH\CodeIgniter.php(499): CodeIgniter\CodeIgniter->runController(Object(App\Controllers\ContactoController))
 6 SYSTEMPATH\CodeIgniter.php(368): CodeIgniter\CodeIgniter->handleRequest(null, Object(Config\Cache), false)
 7 FCPATH\index.php(67): CodeIgniter\CodeIgniter->run()
CRITICAL - 2023-03-31 08:58:58 --> Invalid file: "contacto/header.php"
in SYSTEMPATH\Exceptions\FrameworkException.php on line 33.
 1 SYSTEMPATH\View\View.php(201): CodeIgniter\Exceptions\FrameworkException::forInvalidFile('contacto/header.php')
 2 SYSTEMPATH\Common.php(1184): CodeIgniter\View\View->render('contacto/header', [], true)
 3 APPPATH\Controllers\ContactoController.php(39): view('contacto/header', [...])
 4 SYSTEMPATH\CodeIgniter.php(934): App\Controllers\ContactoController->formulario()
 5 SYSTEMPATH\CodeIgniter.php(499): CodeIgniter\CodeIgniter->runController(Object(App\Controllers\ContactoController))
 6 SYSTEMPATH\CodeIgniter.php(368): CodeIgniter\CodeIgniter->handleRequest(null, Object(Config\Cache), false)
 7 FCPATH\index.php(67): CodeIgniter\CodeIgniter->run()
CRITICAL - 2023-03-31 09:06:22 --> Invalid file: "layouts/layouts.php"
in SYSTEMPATH\Exceptions\FrameworkException.php on line 33.
 1 SYSTEMPATH\View\View.php(201): CodeIgniter\Exceptions\FrameworkException::forInvalidFile('layouts/layouts.php')
 2 SYSTEMPATH\View\View.php(229): CodeIgniter\View\View->render('layouts/layouts', [], true)
 3 SYSTEMPATH\Common.php(1184): CodeIgniter\View\View->render('contacto/index', [], true)
 4 APPPATH\Controllers\ContactoController.php(10): view('contacto/index')
 5 SYSTEMPATH\CodeIgniter.php(934): App\Controllers\ContactoController->index()
 6 SYSTEMPATH\CodeIgniter.php(499): CodeIgniter\CodeIgniter->runController(Object(App\Controllers\ContactoController))
 7 SYSTEMPATH\CodeIgniter.php(368): CodeIgniter\CodeIgniter->handleRequest(null, Object(Config\Cache), false)
 8 FCPATH\index.php(67): CodeIgniter\CodeIgniter->run()
CRITICAL - 2023-03-31 09:06:43 --> Invalid file: "layouts/layouts.php"
in SYSTEMPATH\Exceptions\FrameworkException.php on line 33.
 1 SYSTEMPATH\View\View.php(201): CodeIgniter\Exceptions\FrameworkException::forInvalidFile('layouts/layouts.php')
 2 SYSTEMPATH\View\View.php(229): CodeIgniter\View\View->render('layouts/layouts', [], true)
 3 SYSTEMPATH\Common.php(1184): CodeIgniter\View\View->render('contacto/index', [], true)
 4 APPPATH\Controllers\ContactoController.php(10): view('contacto/index')
 5 SYSTEMPATH\CodeIgniter.php(934): App\Controllers\ContactoController->index()
 6 SYSTEMPATH\CodeIgniter.php(499): CodeIgniter\CodeIgniter->runController(Object(App\Controllers\ContactoController))
 7 SYSTEMPATH\CodeIgniter.php(368): CodeIgniter\CodeIgniter->handleRequest(null, Object(Config\Cache), false)
 8 FCPATH\index.php(67): CodeIgniter\CodeIgniter->run()
CRITICAL - 2023-03-31 09:07:20 --> Call to undefined method CodeIgniter\View\View::rendrSection()
in APPPATH\Views\layouts\header.php on line 124.
 1 SYSTEMPATH\View\View.php(213): include()
 2 SYSTEMPATH\View\View.php(216): CodeIgniter\View\View->CodeIgniter\View\{closure}()
 3 SYSTEMPATH\View\View.php(229): CodeIgniter\View\View->render('layouts/header', [], true)
 4 SYSTEMPATH\Common.php(1184): CodeIgniter\View\View->render('welcome_message', [], true)
 5 APPPATH\Controllers\Home.php(9): view('welcome_message')
 6 SYSTEMPATH\CodeIgniter.php(934): App\Controllers\Home->index()
 7 SYSTEMPATH\CodeIgniter.php(499): CodeIgniter\CodeIgniter->runController(Object(App\Controllers\Home))
 8 SYSTEMPATH\CodeIgniter.php(368): CodeIgniter\CodeIgniter->handleRequest(null, Object(Config\Cache), false)
 9 FCPATH\index.php(67): CodeIgniter\CodeIgniter->run()
CRITICAL - 2023-03-31 09:07:36 --> Call to undefined method CodeIgniter\View\View::rendrSection()
in APPPATH\Views\layouts\header.php on line 124.
 1 SYSTEMPATH\View\View.php(213): include()
 2 SYSTEMPATH\View\View.php(216): CodeIgniter\View\View->CodeIgniter\View\{closure}()
 3 SYSTEMPATH\View\View.php(229): CodeIgniter\View\View->render('layouts/header', [], true)
 4 SYSTEMPATH\Common.php(1184): CodeIgniter\View\View->render('welcome_message', [], true)
 5 APPPATH\Controllers\Home.php(9): view('welcome_message')
 6 SYSTEMPATH\CodeIgniter.php(934): App\Controllers\Home->index()
 7 SYSTEMPATH\CodeIgniter.php(499): CodeIgniter\CodeIgniter->runController(Object(App\Controllers\Home))
 8 SYSTEMPATH\CodeIgniter.php(368): CodeIgniter\CodeIgniter->handleRequest(null, Object(Config\Cache), false)
 9 FCPATH\index.php(67): CodeIgniter\CodeIgniter->run()
CRITICAL - 2023-03-31 09:13:31 --> Invalid file: "contacto/index.php"
in SYSTEMPATH\Exceptions\FrameworkException.php on line 33.
 1 SYSTEMPATH\View\View.php(201): CodeIgniter\Exceptions\FrameworkException::forInvalidFile('contacto/index.php')
 2 SYSTEMPATH\Common.php(1184): CodeIgniter\View\View->render('contacto/index', [], true)
 3 APPPATH\Controllers\ContactoController.php(10): view('contacto/index')
 4 SYSTEMPATH\CodeIgniter.php(934): App\Controllers\ContactoController->index()
 5 SYSTEMPATH\CodeIgniter.php(499): CodeIgniter\CodeIgniter->runController(Object(App\Controllers\ContactoController))
 6 SYSTEMPATH\CodeIgniter.php(368): CodeIgniter\CodeIgniter->handleRequest(null, Object(Config\Cache), false)
 7 FCPATH\index.php(67): CodeIgniter\CodeIgniter->run()
CRITICAL - 2023-03-31 09:13:43 --> Invalid file: "welcome_message.php"
in SYSTEMPATH\Exceptions\FrameworkException.php on line 33.
 1 SYSTEMPATH\View\View.php(201): CodeIgniter\Exceptions\FrameworkException::forInvalidFile('welcome_message.php')
 2 SYSTEMPATH\Common.php(1184): CodeIgniter\View\View->render('welcome_message', [], true)
 3 APPPATH\Controllers\Home.php(9): view('welcome_message')
 4 SYSTEMPATH\CodeIgniter.php(934): App\Controllers\Home->index()
 5 SYSTEMPATH\CodeIgniter.php(499): CodeIgniter\CodeIgniter->runController(Object(App\Controllers\Home))
 6 SYSTEMPATH\CodeIgniter.php(368): CodeIgniter\CodeIgniter->handleRequest(null, Object(Config\Cache), false)
 7 FCPATH\index.php(67): CodeIgniter\CodeIgniter->run()
CRITICAL - 2023-03-31 09:14:30 --> Invalid file: "welcome_message.php"
in SYSTEMPATH\Exceptions\FrameworkException.php on line 33.
 1 SYSTEMPATH\View\View.php(201): CodeIgniter\Exceptions\FrameworkException::forInvalidFile('welcome_message.php')
 2 SYSTEMPATH\Common.php(1184): CodeIgniter\View\View->render('welcome_message', [], true)
 3 APPPATH\Controllers\Home.php(9): view('welcome_message')
 4 SYSTEMPATH\CodeIgniter.php(934): App\Controllers\Home->index()
 5 SYSTEMPATH\CodeIgniter.php(499): CodeIgniter\CodeIgniter->runController(Object(App\Controllers\Home))
 6 SYSTEMPATH\CodeIgniter.php(368): CodeIgniter\CodeIgniter->handleRequest(null, Object(Config\Cache), false)
 7 FCPATH\index.php(67): CodeIgniter\CodeIgniter->run()
CRITICAL - 2023-03-31 09:15:05 --> Invalid file: "contacto/index.php"
in SYSTEMPATH\Exceptions\FrameworkException.php on line 33.
 1 SYSTEMPATH\View\View.php(201): CodeIgniter\Exceptions\FrameworkException::forInvalidFile('contacto/index.php')
 2 SYSTEMPATH\View\View.php(431): CodeIgniter\View\View->render('contacto/index', null, true)
 3 APPPATH\Views\welcome_message.php(4): CodeIgniter\View\View->include('contacto/index')
 4 SYSTEMPATH\View\View.php(213): include('C:\\wamp64\\www\\ci\\app\\Views\\welcome_message.php')
 5 SYSTEMPATH\View\View.php(216): CodeIgniter\View\View->CodeIgniter\View\{closure}()
 6 SYSTEMPATH\Common.php(1184): CodeIgniter\View\View->render('welcome_message', [], true)
 7 APPPATH\Controllers\Home.php(9): view('welcome_message')
 8 SYSTEMPATH\CodeIgniter.php(934): App\Controllers\Home->index()
 9 SYSTEMPATH\CodeIgniter.php(499): CodeIgniter\CodeIgniter->runController(Object(App\Controllers\Home))
10 SYSTEMPATH\CodeIgniter.php(368): CodeIgniter\CodeIgniter->handleRequest(null, Object(Config\Cache), false)
11 FCPATH\index.php(67): CodeIgniter\CodeIgniter->run()
CRITICAL - 2023-03-31 09:17:16 --> Invalid file: "contacto/index.php"
in SYSTEMPATH\Exceptions\FrameworkException.php on line 33.
 1 SYSTEMPATH\View\View.php(201): CodeIgniter\Exceptions\FrameworkException::forInvalidFile('contacto/index.php')
 2 SYSTEMPATH\View\View.php(431): CodeIgniter\View\View->render('contacto/index', null, true)
 3 APPPATH\Views\welcome_message.php(4): CodeIgniter\View\View->include('contacto/index')
 4 SYSTEMPATH\View\View.php(213): include('C:\\wamp64\\www\\ci\\app\\Views\\welcome_message.php')
 5 SYSTEMPATH\View\View.php(216): CodeIgniter\View\View->CodeIgniter\View\{closure}()
 6 SYSTEMPATH\Common.php(1184): CodeIgniter\View\View->render('welcome_message', [], true)
 7 APPPATH\Controllers\Home.php(9): view('welcome_message')
 8 SYSTEMPATH\CodeIgniter.php(934): App\Controllers\Home->index()
 9 SYSTEMPATH\CodeIgniter.php(499): CodeIgniter\CodeIgniter->runController(Object(App\Controllers\Home))
10 SYSTEMPATH\CodeIgniter.php(368): CodeIgniter\CodeIgniter->handleRequest(null, Object(Config\Cache), false)
11 FCPATH\index.php(67): CodeIgniter\CodeIgniter->run()
CRITICAL - 2023-03-31 09:17:17 --> Invalid file: "contacto/index.php"
in SYSTEMPATH\Exceptions\FrameworkException.php on line 33.
 1 SYSTEMPATH\View\View.php(201): CodeIgniter\Exceptions\FrameworkException::forInvalidFile('contacto/index.php')
 2 SYSTEMPATH\View\View.php(431): CodeIgniter\View\View->render('contacto/index', null, true)
 3 APPPATH\Views\welcome_message.php(4): CodeIgniter\View\View->include('contacto/index')
 4 SYSTEMPATH\View\View.php(213): include('C:\\wamp64\\www\\ci\\app\\Views\\welcome_message.php')
 5 SYSTEMPATH\View\View.php(216): CodeIgniter\View\View->CodeIgniter\View\{closure}()
 6 SYSTEMPATH\Common.php(1184): CodeIgniter\View\View->render('welcome_message', [], true)
 7 APPPATH\Controllers\Home.php(9): view('welcome_message')
 8 SYSTEMPATH\CodeIgniter.php(934): App\Controllers\Home->index()
 9 SYSTEMPATH\CodeIgniter.php(499): CodeIgniter\CodeIgniter->runController(Object(App\Controllers\Home))
10 SYSTEMPATH\CodeIgniter.php(368): CodeIgniter\CodeIgniter->handleRequest(null, Object(Config\Cache), false)
11 FCPATH\index.php(67): CodeIgniter\CodeIgniter->run()
CRITICAL - 2023-03-31 09:17:45 --> Invalid file: "contacto/index.php"
in SYSTEMPATH\Exceptions\FrameworkException.php on line 33.
 1 SYSTEMPATH\View\View.php(201): CodeIgniter\Exceptions\FrameworkException::forInvalidFile('contacto/index.php')
 2 SYSTEMPATH\View\View.php(431): CodeIgniter\View\View->render('contacto/index', null, true)
 3 APPPATH\Views\welcome_message.php(4): CodeIgniter\View\View->include('contacto/index')
 4 SYSTEMPATH\View\View.php(213): include('C:\\wamp64\\www\\ci\\app\\Views\\welcome_message.php')
 5 SYSTEMPATH\View\View.php(216): CodeIgniter\View\View->CodeIgniter\View\{closure}()
 6 SYSTEMPATH\Common.php(1184): CodeIgniter\View\View->render('welcome_message', [], true)
 7 APPPATH\Controllers\Home.php(9): view('welcome_message')
 8 SYSTEMPATH\CodeIgniter.php(934): App\Controllers\Home->index()
 9 SYSTEMPATH\CodeIgniter.php(499): CodeIgniter\CodeIgniter->runController(Object(App\Controllers\Home))
10 SYSTEMPATH\CodeIgniter.php(368): CodeIgniter\CodeIgniter->handleRequest(null, Object(Config\Cache), false)
11 FCPATH\index.php(67): CodeIgniter\CodeIgniter->run()
CRITICAL - 2023-03-31 09:17:46 --> Invalid file: "contacto/index.php"
in SYSTEMPATH\Exceptions\FrameworkException.php on line 33.
 1 SYSTEMPATH\View\View.php(201): CodeIgniter\Exceptions\FrameworkException::forInvalidFile('contacto/index.php')
 2 SYSTEMPATH\View\View.php(431): CodeIgniter\View\View->render('contacto/index', null, true)
 3 APPPATH\Views\welcome_message.php(4): CodeIgniter\View\View->include('contacto/index')
 4 SYSTEMPATH\View\View.php(213): include('C:\\wamp64\\www\\ci\\app\\Views\\welcome_message.php')
 5 SYSTEMPATH\View\View.php(216): CodeIgniter\View\View->CodeIgniter\View\{closure}()
 6 SYSTEMPATH\Common.php(1184): CodeIgniter\View\View->render('welcome_message', [], true)
 7 APPPATH\Controllers\Home.php(9): view('welcome_message')
 8 SYSTEMPATH\CodeIgniter.php(934): App\Controllers\Home->index()
 9 SYSTEMPATH\CodeIgniter.php(499): CodeIgniter\CodeIgniter->runController(Object(App\Controllers\Home))
10 SYSTEMPATH\CodeIgniter.php(368): CodeIgniter\CodeIgniter->handleRequest(null, Object(Config\Cache), false)
11 FCPATH\index.php(67): CodeIgniter\CodeIgniter->run()
CRITICAL - 2023-03-31 11:41:15 --> The framework needs the following extension(s) installed and loaded: intl.
in SYSTEMPATH\CodeIgniter.php on line 226.
 1 SYSTEMPATH\CodeIgniter.php(226): CodeIgniter\Exceptions\FrameworkException::forMissingExtension('intl')
 2 SYSTEMPATH\CodeIgniter.php(190): CodeIgniter\CodeIgniter->resolvePlatformExtensions()
 3 ROOTPATH\spark(83): CodeIgniter\CodeIgniter->initialize()
CRITICAL - 2023-03-31 12:20:23 --> The framework needs the following extension(s) installed and loaded: intl.
in SYSTEMPATH\CodeIgniter.php on line 226.
 1 SYSTEMPATH\CodeIgniter.php(226): CodeIgniter\Exceptions\FrameworkException::forMissingExtension('intl')
 2 SYSTEMPATH\CodeIgniter.php(190): CodeIgniter\CodeIgniter->resolvePlatformExtensions()
 3 ROOTPATH\spark(83): CodeIgniter\CodeIgniter->initialize()
